<?xml version="1.0" encoding="UTF-8"?>
<coverage generated="1763107149307" clover="3.2.0">
  <project timestamp="1763107149307" name="All files">
    <metrics statements="10" coveredstatements="7" conditionals="4" coveredconditionals="1" methods="5" coveredmethods="5" elements="19" coveredelements="13" complexity="0" loc="10" ncloc="10" packages="2" files="4" classes="4"/>
    <package name="src">
      <metrics statements="1" coveredstatements="1" conditionals="0" coveredconditionals="0" methods="1" coveredmethods="1"/>
      <file name="App.jsx" path="D:\C# Final Project\JestConfig\src\App.jsx">
        <metrics statements="1" coveredstatements="1" conditionals="0" coveredconditionals="0" methods="1" coveredmethods="1"/>
        <line num="4" count="2" type="stmt"/>
      </file>
    </package>
    <package name="src.Components">
      <metrics statements="9" coveredstatements="6" conditionals="4" coveredconditionals="1" methods="4" coveredmethods="4"/>
      <file name="ApiButton.js" path="D:\C# Final Project\JestConfig\src\Components\ApiButton.js">
        <metrics statements="7" coveredstatements="4" conditionals="4" coveredconditionals="1" methods="2" coveredmethods="2"/>
        <line num="3" count="1" type="cond" truecount="1" falsecount="1"/>
        <line num="4" count="1" type="stmt"/>
        <line num="5" count="0" type="cond" truecount="0" falsecount="2"/>
        <line num="6" count="0" type="stmt"/>
        <line num="8" count="0" type="stmt"/>
        <line num="12" count="1" type="stmt"/>
        <line num="14" count="1" type="stmt"/>
      </file>
      <file name="ApiButton1.js" path="D:\C# Final Project\JestConfig\src\Components\ApiButton1.js">
        <metrics statements="1" coveredstatements="1" conditionals="0" coveredconditionals="0" methods="1" coveredmethods="1"/>
        <line num="4" count="1" type="stmt"/>
      </file>
      <file name="ApiButton2.js" path="D:\C# Final Project\JestConfig\src\Components\ApiButton2.js">
        <metrics statements="1" coveredstatements="1" conditionals="0" coveredconditionals="0" methods="1" coveredmethods="1"/>
        <line num="4" count="1" type="stmt"/>
      </file>
    </package>
  </project>
</coverage>
