TN:
SF:src\App.jsx
FN:3,App
FN:6,(anonymous_1)
FN:14,(anonymous_2)
FN:18,(anonymous_3)
FNF:4
FNH:4
FNDA:7,App
FNDA:1,(anonymous_1)
FNDA:3,(anonymous_2)
FNDA:1,(anonymous_3)
DA:4,7
DA:6,7
DA:8,7
DA:14,3
DA:18,1
LF:5
LH:5
BRF:0
BRH:0
end_of_record
TN:
SF:src\index.js
FNF:0
FNH:0
DA:5,0
DA:6,0
DA:8,0
LF:3
LH:0
BRF:0
BRH:0
end_of_record
TN:
SF:src\Components\ApiButton.js
FN:1,ApiButton
FN:2,calculate
FNF:2
FNH:2
FNDA:1,ApiButton
FNDA:1,calculate
DA:3,1
DA:4,1
DA:5,0
DA:6,0
DA:8,0
DA:12,1
DA:14,1
LF:7
LH:4
BRDA:3,0,0,1
BRDA:3,0,1,0
BRDA:5,1,0,0
BRDA:5,1,1,0
BRF:4
BRH:1
end_of_record
TN:
SF:src\Components\ApiButton1.js
FN:4,ApiButton1
FN:7,(anonymous_1)
FNF:2
FNH:2
FNDA:2,ApiButton1
FNDA:1,(anonymous_1)
DA:5,2
DA:7,2
DA:8,1
DA:9,1
DA:10,1
DA:11,1
DA:13,0
DA:17,2
LF:8
LH:7
BRDA:23,0,0,2
BRDA:23,0,1,1
BRF:2
BRH:2
end_of_record
TN:
SF:src\Components\ApiButton2.js
FN:4,ApiButton2
FN:7,(anonymous_1)
FNF:2
FNH:2
FNDA:2,ApiButton2
FNDA:1,(anonymous_1)
DA:5,2
DA:7,2
DA:8,1
DA:9,1
DA:10,1
DA:11,1
DA:13,0
DA:17,2
LF:8
LH:7
BRDA:23,0,0,2
BRDA:23,0,1,1
BRF:2
BRH:2
end_of_record
